{"/Users/shalom.m/Downloads/it-works-on-my-machine/server.js": {"path":"/Users/shalom.m/Downloads/it-works-on-my-machine/server.js","statementMap":{"0":{"start":{"line":1,"column":16},"end":{"line":1,"column":34}},"1":{"start":{"line":2,"column":12},"end":{"line":2,"column":21}},"2":{"start":{"line":5,"column":0},"end":{"line":5,"column":24}},"3":{"start":{"line":6,"column":0},"end":{"line":6,"column":48}},"4":{"start":{"line":9,"column":19},"end":{"line":9,"column":20}},"5":{"start":{"line":10,"column":18},"end":{"line":10,"column":28}},"6":{"start":{"line":13,"column":0},"end":{"line":25,"column":3}},"7":{"start":{"line":14,"column":2},"end":{"line":14,"column":17}},"8":{"start":{"line":15,"column":16},"end":{"line":15,"column":26}},"9":{"start":{"line":17,"column":2},"end":{"line":22,"column":5}},"10":{"start":{"line":18,"column":21},"end":{"line":18,"column":39}},"11":{"start":{"line":19,"column":4},"end":{"line":21,"column":6}},"12":{"start":{"line":24,"column":2},"end":{"line":24,"column":9}},"13":{"start":{"line":28,"column":0},"end":{"line":37,"column":3}},"14":{"start":{"line":29,"column":17},"end":{"line":29,"column":39}},"15":{"start":{"line":30,"column":2},"end":{"line":36,"column":5}},"16":{"start":{"line":40,"column":0},"end":{"line":56,"column":3}},"17":{"start":{"line":41,"column":17},"end":{"line":41,"column":39}},"18":{"start":{"line":42,"column":18},"end":{"line":52,"column":14}},"19":{"start":{"line":54,"column":2},"end":{"line":54,"column":40}},"20":{"start":{"line":55,"column":2},"end":{"line":55,"column":32}},"21":{"start":{"line":59,"column":0},"end":{"line":68,"column":3}},"22":{"start":{"line":60,"column":2},"end":{"line":67,"column":5}},"23":{"start":{"line":71,"column":0},"end":{"line":80,"column":3}},"24":{"start":{"line":72,"column":2},"end":{"line":72,"column":37}},"25":{"start":{"line":73,"column":2},"end":{"line":79,"column":5}},"26":{"start":{"line":83,"column":0},"end":{"line":88,"column":3}},"27":{"start":{"line":84,"column":2},"end":{"line":87,"column":5}},"28":{"start":{"line":91,"column":0},"end":{"line":99,"column":1}},"29":{"start":{"line":92,"column":15},"end":{"line":92,"column":39}},"30":{"start":{"line":93,"column":2},"end":{"line":98,"column":5}},"31":{"start":{"line":94,"column":4},"end":{"line":94,"column":68}},"32":{"start":{"line":95,"column":4},"end":{"line":95,"column":68}},"33":{"start":{"line":96,"column":4},"end":{"line":96,"column":64}},"34":{"start":{"line":97,"column":4},"end":{"line":97,"column":61}},"35":{"start":{"line":101,"column":0},"end":{"line":101,"column":21}}},"fnMap":{"0":{"name":"(anonymous_0)","decl":{"start":{"line":13,"column":8},"end":{"line":13,"column":9}},"loc":{"start":{"line":13,"column":28},"end":{"line":25,"column":1}},"line":13},"1":{"name":"(anonymous_1)","decl":{"start":{"line":17,"column":19},"end":{"line":17,"column":20}},"loc":{"start":{"line":17,"column":25},"end":{"line":22,"column":3}},"line":17},"2":{"name":"(anonymous_2)","decl":{"start":{"line":28,"column":19},"end":{"line":28,"column":20}},"loc":{"start":{"line":28,"column":33},"end":{"line":37,"column":1}},"line":28},"3":{"name":"(anonymous_3)","decl":{"start":{"line":40,"column":20},"end":{"line":40,"column":21}},"loc":{"start":{"line":40,"column":34},"end":{"line":56,"column":1}},"line":40},"4":{"name":"(anonymous_4)","decl":{"start":{"line":59,"column":13},"end":{"line":59,"column":14}},"loc":{"start":{"line":59,"column":27},"end":{"line":68,"column":1}},"line":59},"5":{"name":"(anonymous_5)","decl":{"start":{"line":71,"column":8},"end":{"line":71,"column":9}},"loc":{"start":{"line":71,"column":34},"end":{"line":80,"column":1}},"line":71},"6":{"name":"(anonymous_6)","decl":{"start":{"line":83,"column":8},"end":{"line":83,"column":9}},"loc":{"start":{"line":83,"column":22},"end":{"line":88,"column":1}},"line":83},"7":{"name":"(anonymous_7)","decl":{"start":{"line":93,"column":19},"end":{"line":93,"column":20}},"loc":{"start":{"line":93,"column":25},"end":{"line":98,"column":3}},"line":93}},"branchMap":{"0":{"loc":{"start":{"line":35,"column":13},"end":{"line":35,"column":55}},"type":"binary-expr","locations":[{"start":{"line":35,"column":13},"end":{"line":35,"column":44}},{"start":{"line":35,"column":48},"end":{"line":35,"column":55}}],"line":35},"1":{"loc":{"start":{"line":51,"column":33},"end":{"line":51,"column":75}},"type":"binary-expr","locations":[{"start":{"line":51,"column":33},"end":{"line":51,"column":64}},{"start":{"line":51,"column":68},"end":{"line":51,"column":75}}],"line":51},"2":{"loc":{"start":{"line":62,"column":13},"end":{"line":62,"column":55}},"type":"binary-expr","locations":[{"start":{"line":62,"column":13},"end":{"line":62,"column":44}},{"start":{"line":62,"column":48},"end":{"line":62,"column":55}}],"line":62},"3":{"loc":{"start":{"line":76,"column":6},"end":{"line":78,"column":21}},"type":"cond-expr","locations":[{"start":{"line":77,"column":10},"end":{"line":77,"column":33}},{"start":{"line":78,"column":10},"end":{"line":78,"column":21}}],"line":76},"4":{"loc":{"start":{"line":91,"column":0},"end":{"line":99,"column":1}},"type":"if","locations":[{"start":{"line":91,"column":0},"end":{"line":99,"column":1}},{"start":{},"end":{}}],"line":91},"5":{"loc":{"start":{"line":92,"column":15},"end":{"line":92,"column":39}},"type":"binary-expr","locations":[{"start":{"line":92,"column":15},"end":{"line":92,"column":31}},{"start":{"line":92,"column":35},"end":{"line":92,"column":39}}],"line":92}},"s":{"0":1,"1":1,"2":1,"3":1,"4":1,"5":1,"6":1,"7":11,"8":11,"9":11,"10":11,"11":11,"12":11,"13":1,"14":4,"15":4,"16":1,"17":5,"18":5,"19":5,"20":5,"21":1,"22":1,"23":1,"24":1,"25":1,"26":1,"27":1,"28":1,"29":0,"30":0,"31":0,"32":0,"33":0,"34":0,"35":1},"f":{"0":11,"1":11,"2":4,"3":5,"4":1,"5":1,"6":1,"7":0},"b":{"0":[4,0],"1":[5,0],"2":[1,0],"3":[0,1],"4":[0,1],"5":[0,0]},"_coverageSchema":"1a1c01bbd47fc00a2c39e90264f33305004495a9","hash":"6446dd057ea8fffd1f5da0bc721ee84843067380"}
}
