TN:
SF:server.js
FN:13,(anonymous_0)
FN:17,(anonymous_1)
FN:26,(anonymous_2)
FN:38,(anonymous_3)
FN:57,(anonymous_4)
FN:69,(anonymous_5)
FN:78,(anonymous_6)
FN:88,(anonymous_7)
FNF:8
FNH:7
FNDA:11,(anonymous_0)
FNDA:11,(anonymous_1)
FNDA:4,(anonymous_2)
FNDA:5,(anonymous_3)
FNDA:1,(anonymous_4)
FNDA:1,(anonymous_5)
FNDA:1,(anonymous_6)
FNDA:0,(anonymous_7)
DA:1,1
DA:2,1
DA:5,1
DA:6,1
DA:9,1
DA:10,1
DA:13,1
DA:14,11
DA:15,11
DA:17,11
DA:18,11
DA:19,11
DA:22,11
DA:26,1
DA:27,4
DA:28,4
DA:38,1
DA:39,5
DA:40,5
DA:52,5
DA:53,5
DA:57,1
DA:58,1
DA:69,1
DA:70,1
DA:71,1
DA:78,1
DA:79,1
DA:86,1
DA:87,0
DA:88,0
DA:89,0
DA:90,0
DA:91,0
DA:92,0
DA:96,1
LF:36
LH:30
BRDA:33,0,0,4
BRDA:33,0,1,0
BRDA:49,1,0,5
BRDA:49,1,1,0
BRDA:60,2,0,1
BRDA:60,2,1,0
BRDA:73,3,0,0
BRDA:73,3,1,1
BRDA:86,4,0,0
BRDA:86,4,1,1
BRDA:87,5,0,0
BRDA:87,5,1,0
BRF:12
BRH:5
end_of_record
