TN:
SF:server.js
FN:13,(anonymous_0)
FN:17,(anonymous_1)
FN:28,(anonymous_2)
FN:40,(anonymous_3)
FN:59,(anonymous_4)
FN:71,(anonymous_5)
FN:83,(anonymous_6)
FN:93,(anonymous_7)
FNF:8
FNH:7
FNDA:11,(anonymous_0)
FNDA:11,(anonymous_1)
FNDA:4,(anonymous_2)
FNDA:5,(anonymous_3)
FNDA:1,(anonymous_4)
FNDA:1,(anonymous_5)
FNDA:1,(anonymous_6)
FNDA:0,(anonymous_7)
DA:1,1
DA:2,1
DA:5,1
DA:6,1
DA:9,1
DA:10,1
DA:13,1
DA:14,11
DA:15,11
DA:17,11
DA:18,11
DA:19,11
DA:24,11
DA:28,1
DA:29,4
DA:30,4
DA:40,1
DA:41,5
DA:42,5
DA:54,5
DA:55,5
DA:59,1
DA:60,1
DA:71,1
DA:72,1
DA:73,1
DA:83,1
DA:84,1
DA:91,1
DA:92,0
DA:93,0
DA:94,0
DA:95,0
DA:96,0
DA:97,0
DA:101,1
LF:36
LH:30
BRDA:35,0,0,4
BRDA:35,0,1,0
BRDA:51,1,0,5
BRDA:51,1,1,0
BRDA:62,2,0,1
BRDA:62,2,1,0
BRDA:76,3,0,0
BRDA:76,3,1,1
BRDA:91,4,0,0
BRDA:91,4,1,1
BRDA:92,5,0,0
BRDA:92,5,1,0
BRF:12
BRH:5
end_of_record
